2021-03-08 11:57:27 INFO  PaymentController:65 - User user added payment
2021-03-09 19:49:56 INFO  AdminController:82 - Created new account
2021-03-28 10:21:14 INFO  UserController:150 - User user update info
2021-03-28 10:21:27 INFO  UserController:150 - User user update info
2021-03-28 10:21:37 INFO  UserController:150 - User user update info
2021-03-28 10:25:08 INFO  BasketController:126 - Item Фиалка is added to basket
2021-03-28 10:25:20 INFO  BasketController:62 - Basket updated
2021-03-28 10:25:25 INFO  BasketController:62 - Basket updated
2021-03-28 10:25:34 INFO  BasketController:62 - Basket updated
2021-03-28 10:45:32 INFO  OrderController:61 - Useruser make an order
2021-03-28 11:12:55 INFO  BasketController:126 - Item Букет "Зима" is added to basket
2021-03-30 23:22:48 INFO  BasketController:126 - Item Букет "Зима" is added to basket
2021-03-30 23:23:30 INFO  OrderController:61 - Useruser make an order
2021-03-30 23:50:30 INFO  BasketController:126 - Item Гвоздика is added to basket
2021-03-31 02:13:38 INFO  OrderController:61 - Useruser make an order
2021-03-31 02:16:19 INFO  BasketController:126 - Item Гвоздика is added to basket
2021-03-31 02:16:39 INFO  OrderController:61 - Useruser make an order
2021-03-31 02:17:39 INFO  BasketController:126 - Item Букет "Зима" is added to basket
2021-03-31 02:18:07 INFO  OrderController:61 - Useruser make an order
2021-03-31 02:20:33 INFO  BasketController:126 - Item Композиция Оникс is added to basket
2021-03-31 02:20:56 INFO  OrderController:61 - Useruser make an order
2021-03-31 02:21:32 INFO  BasketController:126 - Item Композиция Оникс is added to basket
2021-03-31 02:22:51 INFO  OrderController:61 - Useruser make an order
2021-03-31 02:24:39 INFO  BasketController:126 - Item Композиция Оникс is added to basket
2021-03-31 02:25:41 INFO  OrderController:61 - Useruser make an order
2021-04-11 14:05:01 INFO  BasketController:127 - Item КОМПОЗИЦИЯ "ЭММА" is added to basket
2021-04-11 14:05:07 INFO  BasketController:127 - Item КОМПОЗИЦИЯ "ЭММА" is added to basket
2021-04-11 14:09:22 INFO  BasketController:127 - Item КОМПОЗИЦИЯ "ЭММА" is added to basket
2021-04-11 14:12:53 INFO  BasketController:127 - Item КОМПОЗИЦИЯ "ЭММА" is added to basket
2021-04-11 14:20:11 INFO  BasketController:63 - Basket updated
2021-04-11 14:20:48 INFO  OrderController:66 - Useruser make an order
2021-04-11 15:46:39 INFO  FlowerController:144 - Add Item success
2021-04-11 15:51:32 INFO  FlowerController:144 - Add Item success
2021-04-11 15:53:34 INFO  FlowerController:144 - Add Item success
2021-04-11 15:53:53 INFO  AdminController:151 - Update item successfully
2021-04-11 16:38:41 INFO  AdminController:151 - Update item successfully
2021-04-11 16:38:53 INFO  AdminController:151 - Update item successfully
2021-04-11 16:41:30 INFO  AdminController:151 - Update item successfully
2021-04-11 16:50:10 INFO  AdminController:158 - Update item successfully
2021-04-11 17:10:54 INFO  AdminController:159 - Update item successfully
2021-04-11 17:14:04 INFO  AdminController:159 - Update item successfully
2021-04-11 17:17:52 INFO  AdminController:160 - Update item successfully
2021-04-11 17:21:37 INFO  AdminController:160 - Update item successfully
2021-04-11 17:24:07 INFO  AdminController:160 - Update item successfully
2021-04-11 17:26:59 INFO  AdminController:160 - Update item successfully
2021-04-11 17:28:50 INFO  AdminController:155 - Update item successfully
2021-04-11 17:29:13 INFO  AdminController:155 - Update item successfully
2021-04-11 17:43:23 INFO  AdminController:163 - Update item successfully
2021-04-11 17:44:25 INFO  AdminController:163 - Update item successfully
